#
# There is insufficient memory for the Java Runtime Environment to continue.
# Native memory allocation (malloc) failed to allocate 860816 bytes for Chunk::new
# Possible reasons:
#   The system is out of physical RAM or swap space
#   The process is running with CompressedOops enabled, and the Java Heap may be blocking the growth of the native heap
# Possible solutions:
#   Reduce memory load on the system
#   Increase physical memory or swap space
#   Check if swap backing store is full
#   Decrease Java heap size (-Xmx/-Xms)
#   Decrease number of Java threads
#   Decrease Java thread stack sizes (-Xss)
#   Set larger code cache with -XX:ReservedCodeCacheSize=
#   JVM is running with Unscaled Compressed Oops mode in which the Java heap is
#     placed in the first 4GB address space. The Java Heap base address is the
#     maximum limit for the native heap growth. Please use -XX:HeapBaseMinAddress
#     to set the Java Heap base and to place the Java Heap above 4GB virtual address.
# This output file may be truncated or incomplete.
#
#  Out of Memory Error (allocation.cpp:389), pid=6016, tid=0x00000000000028c8
#
# JRE version: OpenJDK Runtime Environment (8.0_242-b01) (build 1.8.0_242-release-1644-b01)
# Java VM: OpenJDK 64-Bit Server VM (25.242-b01 mixed mode windows-amd64 compressed oops)
# Failed to write core dump. Minidumps are not enabled by default on client versions of Windows
#

---------------  T H R E A D  ---------------

Current thread (0x0000000016de9800):  JavaThread "C2 CompilerThread1" daemon [_thread_in_native, id=10440, stack(0x0000000018b60000,0x0000000018c60000)]

Stack: [0x0000000018b60000,0x0000000018c60000]
[error occurred during error reporting (printing stack bounds), id 0xc0000005]

Native frames: (J=compiled Java code, j=interpreted, Vv=VM code, C=native code)


Current CompileTask:
C2:4097781 13301   !   4       org.gradle.internal.operations.DefaultBuildOperationExecutor::call (38 bytes)


---------------  P R O C E S S  ---------------

Java Threads: ( => current thread )
  0x0000000019e12000 JavaThread "Cache worker for execution history cache (C:\Users\aresuki sumitoki\Desktop\Proyecto\Git_Hub\Eventually\Eventually_v2.1\.gradle\6.1.1\executionHistory)" [_thread_blocked, id=3752, stack(0x0000000024d00000,0x0000000024e00000)]
  0x0000000019e15800 JavaThread "Execution worker for ':' Thread 5" [_thread_blocked, id=8348, stack(0x0000000024c00000,0x0000000024d00000)]
  0x0000000019e16800 JavaThread "Execution worker for ':' Thread 4" [_thread_blocked, id=12036, stack(0x0000000024b00000,0x0000000024c00000)]
  0x0000000019e14000 JavaThread "Execution worker for ':' Thread 3" [_thread_blocked, id=11776, stack(0x0000000024a00000,0x0000000024b00000)]
  0x0000000019e0b000 JavaThread "Execution worker for ':' Thread 2" [_thread_blocked, id=1172, stack(0x0000000024500000,0x0000000024600000)]
  0x0000000019e11000 JavaThread "Execution worker for ':'" [_thread_blocked, id=2992, stack(0x0000000023de0000,0x0000000023ee0000)]
  0x0000000019e10800 JavaThread "Cache worker for file content cache (C:\Users\aresuki sumitoki\Desktop\Proyecto\Git_Hub\Eventually\Eventually_v2.1\.gradle\6.1.1\fileContent)" [_thread_blocked, id=5680, stack(0x00000000238e0000,0x00000000239e0000)]
  0x0000000019e0f800 JavaThread "Cache worker for Build Output Cleanup Cache (C:\Users\aresuki sumitoki\Desktop\Proyecto\Git_Hub\Eventually\Eventually_v2.1\.gradle\buildOutputCleanup)" [_thread_blocked, id=13864, stack(0x0000000023110000,0x0000000023210000)]
  0x0000000019e0d800 JavaThread "Build operations Thread 6" [_thread_blocked, id=10112, stack(0x0000000022610000,0x0000000022710000)]
  0x0000000019e0c800 JavaThread "Build operations Thread 5" [_thread_blocked, id=7408, stack(0x0000000021f10000,0x0000000022010000)]
  0x0000000019e0c000 JavaThread "Build operations Thread 4" [_thread_blocked, id=672, stack(0x0000000021e10000,0x0000000021f10000)]
  0x000000001b1ec000 JavaThread "Build operations Thread 3" [_thread_blocked, id=10188, stack(0x0000000021d10000,0x0000000021e10000)]
  0x000000001b1ee000 JavaThread "Build operations Thread 2" [_thread_blocked, id=6380, stack(0x0000000020600000,0x0000000020700000)]
  0x000000001b1eb000 JavaThread "Build operations" [_thread_blocked, id=8992, stack(0x000000001fc00000,0x000000001fd00000)]
  0x000000001b1ea800 JavaThread "Cache worker for cache directory md-rule (C:\Users\aresuki sumitoki\.gradle\caches\6.1.1\md-rule)" [_thread_blocked, id=564, stack(0x000000001d2f0000,0x000000001d3f0000)]
  0x000000001b1ef000 JavaThread "Cache worker for cache directory md-supplier (C:\Users\aresuki sumitoki\.gradle\caches\6.1.1\md-supplier)" [_thread_blocked, id=7288, stack(0x000000001ccf0000,0x000000001cdf0000)]
  0x000000001b1e9800 JavaThread "Cache worker for file hash cache (C:\Users\aresuki sumitoki\Desktop\Proyecto\Git_Hub\Eventually\Eventually_v2.1\.gradle\6.1.1\fileHashes)" [_thread_blocked, id=4924, stack(0x000000001cbf0000,0x000000001ccf0000)]
  0x000000001b1e2000 JavaThread "Cache worker for checksums cache (C:\Users\aresuki sumitoki\Desktop\Proyecto\Git_Hub\Eventually\Eventually_v2.1\.gradle\checksums)" [_thread_blocked, id=5448, stack(0x000000001caf0000,0x000000001cbf0000)]
  0x000000001b1e8000 JavaThread "Thread-76" [_thread_blocked, id=11196, stack(0x000000001c9f0000,0x000000001caf0000)]
  0x000000001b1e7800 JavaThread "Stdin handler" [_thread_blocked, id=1212, stack(0x000000001c8f0000,0x000000001c9f0000)]
  0x000000001b1e4800 JavaThread "Asynchronous log dispatcher for DefaultDaemonConnection: socket connection from /127.0.0.1:54268 to /127.0.0.1:55432" [_thread_blocked, id=5832, stack(0x000000001c5f0000,0x000000001c6f0000)]
  0x000000001b1e9000 JavaThread "Cancel handler" [_thread_blocked, id=11816, stack(0x0000000001640000,0x0000000001740000)]
  0x000000001b1e1800 JavaThread "Handler for socket connection from /127.0.0.1:54268 to /127.0.0.1:55432" [_thread_in_native, id=8892, stack(0x0000000001500000,0x0000000001600000)]
  0x0000000019e0f000 JavaThread "Daemon worker Thread 2" [_thread_in_native, id=248, stack(0x000000001c4f0000,0x000000001c5f0000)]
  0x0000000019e0a800 JavaThread "Daemon Thread 2" [_thread_blocked, id=9236, stack(0x0000000001400000,0x0000000001500000)]
  0x000000001b1ec800 JavaThread "Cache worker for Java compile cache (C:\Users\aresuki sumitoki\.gradle\caches\6.1.1\javaCompile)" [_thread_blocked, id=4908, stack(0x0000000024400000,0x0000000024500000)]
  0x000000001b1ed800 JavaThread "Cache worker for file content cache (C:\Users\aresuki sumitoki\.gradle\caches\6.1.1\fileContent)" [_thread_blocked, id=3596, stack(0x0000000023010000,0x0000000023110000)]
  0x000000001b1e0800 JavaThread "Memory manager" [_thread_blocked, id=3096, stack(0x0000000022f10000,0x0000000023010000)]
  0x000000001b26c000 JavaThread "Cache worker for execution history cache (C:\Users\aresuki sumitoki\.gradle\caches\6.1.1\executionHistory)" [_thread_blocked, id=11508, stack(0x000000001fd00000,0x000000001fe00000)]
  0x000000001b26b000 JavaThread "Cache worker for file hash cache (C:\Users\aresuki sumitoki\.gradle\caches\6.1.1\fileHashes)" [_thread_blocked, id=12240, stack(0x000000001d1f0000,0x000000001d2f0000)]
  0x000000001b26c800 JavaThread "File lock request listener" [_thread_in_native, id=5320, stack(0x000000001d0f0000,0x000000001d1f0000)]
  0x000000001b269800 JavaThread "Cache worker for journal cache (C:\Users\aresuki sumitoki\.gradle\caches\journal-1)" [_thread_blocked, id=988, stack(0x000000001cff0000,0x000000001d0f0000)]
  0x000000001b015800 JavaThread "Daemon periodic checks" [_thread_blocked, id=1580, stack(0x000000001c3f0000,0x000000001c4f0000)]
  0x000000001a730000 JavaThread "Incoming local TCP Connector on port 54268" [_thread_in_native, id=7640, stack(0x000000001c180000,0x000000001c280000)]
  0x0000000019486000 JavaThread "Daemon health stats" [_thread_blocked, id=10864, stack(0x000000001bb40000,0x000000001bc40000)]
  0x0000000018dd6000 JavaThread "Service Thread" daemon [_thread_blocked, id=9096, stack(0x0000000019160000,0x0000000019260000)]
  0x0000000016dec000 JavaThread "C1 CompilerThread2" daemon [_thread_blocked, id=8076, stack(0x0000000018c60000,0x0000000018d60000)]
=>0x0000000016de9800 JavaThread "C2 CompilerThread1" daemon [_thread_in_native, id=10440, stack(0x0000000018b60000,0x0000000018c60000)]
  0x0000000016ddb800 JavaThread "C2 CompilerThread0" daemon [_thread_in_native, id=3664, stack(0x0000000018a60000,0x0000000018b60000)]
  0x0000000016dd8000 JavaThread "Attach Listener" daemon [_thread_blocked, id=732, stack(0x0000000018960000,0x0000000018a60000)]
  0x0000000016dd7000 JavaThread "Signal Dispatcher" daemon [_thread_blocked, id=7980, stack(0x0000000018860000,0x0000000018960000)]
  0x000000000321c000 JavaThread "Finalizer" daemon [_thread_blocked, id=5468, stack(0x0000000018640000,0x0000000018740000)]
  0x0000000003213000 JavaThread "Reference Handler" daemon [_thread_blocked, id=9648, stack(0x0000000018540000,0x0000000018640000)]
  0x000000000311e800 JavaThread "main" [_thread_blocked, id=8944, stack(0x0000000003010000,0x0000000003110000)]

Other Threads:
  0x0000000016d97000 VMThread [stack: 0x0000000018440000,0x0000000018540000] [id=13688]
  0x0000000016dee800 WatcherThread [stack: 0x0000000019260000,0x0000000019360000] [id=7412]

VM state:not at safepoint (normal execution)

VM Mutex/Monitor currently owned by a thread: None

heap address: 0x00000000a0000000, size: 1536 MB, Compressed Oops mode: 32-bit
Narrow klass base: 0x0000000000000000, Narrow klass shift: 3
Compressed class space size: 1073741824 Address: 0x0000000100000000

Heap:
 PSYoungGen      total 482816K, used 418535K [0x00000000e0000000, 0x0000000100000000, 0x0000000100000000)
  eden space 457728K, 85% used [0x00000000e0000000,0x00000000f8040ae8,0x00000000fbf00000)
  from space 25088K, 99% used [0x00000000fe780000,0x00000000ffff93a0,0x0000000100000000)
  to   space 33280K, 0% used [0x00000000fbf00000,0x00000000fbf00000,0x00000000fdf80000)
 ParOldGen       total 103424K, used 41180K [0x00000000a0000000, 0x00000000a6500000, 0x00000000e0000000)
  object space 103424K, 39% used [0x00000000a0000000,0x00000000a28371f0,0x00000000a6500000)
 Metaspace       used 86321K, capacity 90948K, committed 91184K, reserved 1128448K
  class space    used 11665K, capacity 12509K, committed 12592K, reserved 1048576K

Card table byte_map: [0x00000000125e0000,0x00000000128f0000] byte_map_base: 0x00000000120e0000

Marking Bits: (ParMarkBitMap*) 0x000000007225f030
 Begin Bits: [0x00000000130f0000, 0x00000000148f0000)
 End Bits:   [0x00000000148f0000, 0x00000000160f0000)

Polling page: 0x0000000001790000

CodeCache: size=245760Kb used=36268Kb max_used=36268Kb free=209491Kb
 bounds [0x0000000003220000, 0x00000000055c0000, 0x0000000012220000]
 total_blobs=12213 nmethods=11354 adapters=771
 compilation: enabled

Compilation events (10 events):
Event: 4097.038 Thread 0x0000000016dec000 13321       3       com.google.common.collect.Collections2$FilteredCollection::toArray (12 bytes)
Event: 4097.039 Thread 0x0000000016dec000 nmethod 13321 0x00000000055b2290 code [0x00000000055b24c0, 0x00000000055b30a8]
Event: 4097.101 Thread 0x0000000016dec000 13324       1       org.gradle.internal.fingerprint.overlap.impl.DefaultOverlappingOutputDetector$OverlappingOutputsDetectingVisitor::getOverlappingPath (5 bytes)
Event: 4097.102 Thread 0x0000000016dec000 nmethod 13324 0x00000000055aa310 code [0x00000000055aa460, 0x00000000055aa570]
Event: 4097.102 Thread 0x0000000016dec000 13325       3       org.gradle.api.internal.tasks.properties.bean.AbstractNestedRuntimeBeanNode$BeanPropertyValue::getUnprocessedValue (10 bytes)
Event: 4097.102 Thread 0x0000000016dec000 nmethod 13325 0x00000000055b3810 code [0x00000000055b3980, 0x00000000055b3ba8]
Event: 4097.128 Thread 0x0000000016dec000 13327       1       org.gradle.api.tasks.util.internal.CachingPatternSpecFactory$SpecKey::hashCode (5 bytes)
Event: 4097.128 Thread 0x0000000016dec000 nmethod 13327 0x00000000055ac7d0 code [0x00000000055ac920, 0x00000000055aca30]
Event: 4097.132 Thread 0x0000000016dec000 13328       3       org.gradle.execution.plan.LocalTaskNode::getNodeFailure (13 bytes)
Event: 4097.132 Thread 0x0000000016dec000 nmethod 13328 0x00000000055b3c50 code [0x00000000055b3dc0, 0x00000000055b4008]

GC Heap History (10 events):
Event: 11.148 GC heap before
{Heap before GC invocations=9 (full 2):
 PSYoungGen      total 276480K, used 8780K [0x00000000e0000000, 0x00000000fc600000, 0x0000000100000000)
  eden space 260096K, 0% used [0x00000000e0000000,0x00000000e0000000,0x00000000efe00000)
  from space 16384K, 53% used [0x00000000efe00000,0x00000000f06931f8,0x00000000f0e00000)
  to   space 15360K, 0% used [0x00000000fb700000,0x00000000fb700000,0x00000000fc600000)
 ParOldGen       total 53248K, used 7283K [0x00000000a0000000, 0x00000000a3400000, 0x00000000e0000000)
  object space 53248K, 13% used [0x00000000a0000000,0x00000000a071ced8,0x00000000a3400000)
 Metaspace       used 34562K, capacity 35410K, committed 35496K, reserved 1079296K
  class space    used 4740K, capacity 4974K, committed 5040K, reserved 1048576K
Event: 11.294 GC heap after
Heap after GC invocations=9 (full 2):
 PSYoungGen      total 276480K, used 0K [0x00000000e0000000, 0x00000000fc600000, 0x0000000100000000)
  eden space 260096K, 0% used [0x00000000e0000000,0x00000000e0000000,0x00000000efe00000)
  from space 16384K, 0% used [0x00000000efe00000,0x00000000efe00000,0x00000000f0e00000)
  to   space 15360K, 0% used [0x00000000fb700000,0x00000000fb700000,0x00000000fc600000)
 ParOldGen       total 74752K, used 15338K [0x00000000a0000000, 0x00000000a4900000, 0x00000000e0000000)
  object space 74752K, 20% used [0x00000000a0000000,0x00000000a0efaa78,0x00000000a4900000)
 Metaspace       used 34562K, capacity 35410K, committed 35496K, reserved 1079296K
  class space    used 4740K, capacity 4974K, committed 5040K, reserved 1048576K
}
Event: 22.664 GC heap before
{Heap before GC invocations=10 (full 2):
 PSYoungGen      total 276480K, used 260096K [0x00000000e0000000, 0x00000000fc600000, 0x0000000100000000)
  eden space 260096K, 100% used [0x00000000e0000000,0x00000000efe00000,0x00000000efe00000)
  from space 16384K, 0% used [0x00000000efe00000,0x00000000efe00000,0x00000000f0e00000)
  to   space 15360K, 0% used [0x00000000fb700000,0x00000000fb700000,0x00000000fc600000)
 ParOldGen       total 74752K, used 15338K [0x00000000a0000000, 0x00000000a4900000, 0x00000000e0000000)
  object space 74752K, 20% used [0x00000000a0000000,0x00000000a0efaa78,0x00000000a4900000)
 Metaspace       used 56249K, capacity 58280K, committed 58416K, reserved 1099776K
  class space    used 7716K, capacity 8175K, committed 8240K, reserved 1048576K
Event: 22.739 GC heap after
Heap after GC invocations=10 (full 2):
 PSYoungGen      total 429056K, used 15340K [0x00000000e0000000, 0x00000000fc600000, 0x0000000100000000)
  eden space 413696K, 0% used [0x00000000e0000000,0x00000000e0000000,0x00000000f9400000)
  from space 15360K, 99% used [0x00000000fb700000,0x00000000fc5fb310,0x00000000fc600000)
  to   space 24064K, 0% used [0x00000000f9700000,0x00000000f9700000,0x00000000fae80000)
 ParOldGen       total 74752K, used 30164K [0x00000000a0000000, 0x00000000a4900000, 0x00000000e0000000)
  object space 74752K, 40% used [0x00000000a0000000,0x00000000a1d75050,0x00000000a4900000)
 Metaspace       used 56249K, capacity 58280K, committed 58416K, reserved 1099776K
  class space    used 7716K, capacity 8175K, committed 8240K, reserved 1048576K
}
Event: 23.181 GC heap before
{Heap before GC invocations=11 (full 2):
 PSYoungGen      total 429056K, used 30511K [0x00000000e0000000, 0x00000000fc600000, 0x0000000100000000)
  eden space 413696K, 3% used [0x00000000e0000000,0x00000000e0ed09b0,0x00000000f9400000)
  from space 15360K, 99% used [0x00000000fb700000,0x00000000fc5fb310,0x00000000fc600000)
  to   space 24064K, 0% used [0x00000000f9700000,0x00000000f9700000,0x00000000fae80000)
 ParOldGen       total 74752K, used 30164K [0x00000000a0000000, 0x00000000a4900000, 0x00000000e0000000)
  object space 74752K, 40% used [0x00000000a0000000,0x00000000a1d75050,0x00000000a4900000)
 Metaspace       used 57052K, capacity 59052K, committed 59160K, reserved 1099776K
  class space    used 7823K, capacity 8283K, committed 8368K, reserved 1048576K
Event: 23.223 GC heap after
Heap after GC invocations=11 (full 2):
 PSYoungGen      total 440832K, used 16129K [0x00000000e0000000, 0x0000000100000000, 0x0000000100000000)
  eden space 416768K, 0% used [0x00000000e0000000,0x00000000e0000000,0x00000000f9700000)
  from space 24064K, 67% used [0x00000000f9700000,0x00000000fa6c0478,0x00000000fae80000)
  to   space 25088K, 0% used [0x00000000fe780000,0x00000000fe780000,0x0000000100000000)
 ParOldGen       total 74752K, used 30172K [0x00000000a0000000, 0x00000000a4900000, 0x00000000e0000000)
  object space 74752K, 40% used [0x00000000a0000000,0x00000000a1d77050,0x00000000a4900000)
 Metaspace       used 57052K, capacity 59052K, committed 59160K, reserved 1099776K
  class space    used 7823K, capacity 8283K, committed 8368K, reserved 1048576K
}
Event: 23.223 GC heap before
{Heap before GC invocations=12 (full 3):
 PSYoungGen      total 440832K, used 16129K [0x00000000e0000000, 0x0000000100000000, 0x0000000100000000)
  eden space 416768K, 0% used [0x00000000e0000000,0x00000000e0000000,0x00000000f9700000)
  from space 24064K, 67% used [0x00000000f9700000,0x00000000fa6c0478,0x00000000fae80000)
  to   space 25088K, 0% used [0x00000000fe780000,0x00000000fe780000,0x0000000100000000)
 ParOldGen       total 74752K, used 30172K [0x00000000a0000000, 0x00000000a4900000, 0x00000000e0000000)
  object space 74752K, 40% used [0x00000000a0000000,0x00000000a1d77050,0x00000000a4900000)
 Metaspace       used 57052K, capacity 59052K, committed 59160K, reserved 1099776K
  class space    used 7823K, capacity 8283K, committed 8368K, reserved 1048576K
Event: 23.532 GC heap after
Heap after GC invocations=12 (full 3):
 PSYoungGen      total 440832K, used 0K [0x00000000e0000000, 0x0000000100000000, 0x0000000100000000)
  eden space 416768K, 0% used [0x00000000e0000000,0x00000000e0000000,0x00000000f9700000)
  from space 24064K, 0% used [0x00000000f9700000,0x00000000f9700000,0x00000000fae80000)
  to   space 25088K, 0% used [0x00000000fe780000,0x00000000fe780000,0x0000000100000000)
 ParOldGen       total 103424K, used 28328K [0x00000000a0000000, 0x00000000a6500000, 0x00000000e0000000)
  object space 103424K, 27% used [0x00000000a0000000,0x00000000a1baa088,0x00000000a6500000)
 Metaspace       used 57045K, capacity 59028K, committed 59160K, reserved 1099776K
  class space    used 7821K, capacity 8279K, committed 8368K, reserved 1048576K
}
Event: 38.522 GC heap before
{Heap before GC invocations=13 (full 3):
 PSYoungGen      total 440832K, used 416768K [0x00000000e0000000, 0x0000000100000000, 0x0000000100000000)
  eden space 416768K, 100% used [0x00000000e0000000,0x00000000f9700000,0x00000000f9700000)
  from space 24064K, 0% used [0x00000000f9700000,0x00000000f9700000,0x00000000fae80000)
  to   space 25088K, 0% used [0x00000000fe780000,0x00000000fe780000,0x0000000100000000)
 ParOldGen       total 103424K, used 28328K [0x00000000a0000000, 0x00000000a6500000, 0x00000000e0000000)
  object space 103424K, 27% used [0x00000000a0000000,0x00000000a1baa088,0x00000000a6500000)
 Metaspace       used 80197K, capacity 84268K, committed 84400K, reserved 1122304K
  class space    used 11201K, capacity 11951K, committed 11952K, reserved 1048576K
Event: 38.615 GC heap after
Heap after GC invocations=13 (full 3):
 PSYoungGen      total 482816K, used 25060K [0x00000000e0000000, 0x0000000100000000, 0x0000000100000000)
  eden space 457728K, 0% used [0x00000000e0000000,0x00000000e0000000,0x00000000fbf00000)
  from space 25088K, 99% used [0x00000000fe780000,0x00000000ffff93a0,0x0000000100000000)
  to   space 33280K, 0% used [0x00000000fbf00000,0x00000000fbf00000,0x00000000fdf80000)
 ParOldGen       total 103424K, used 41180K [0x00000000a0000000, 0x00000000a6500000, 0x00000000e0000000)
  object space 103424K, 39% used [0x00000000a0000000,0x00000000a28371f0,0x00000000a6500000)
 Metaspace       used 80197K, capacity 84268K, committed 84400K, reserved 1122304K
  class space    used 11201K, capacity 11951K, committed 11952K, reserved 1048576K
}

Deoptimization events (10 events):
Event: 4070.327 Thread 0x000000001b1ec000 Uncommon trap: reason=array_check action=maybe_recompile pc=0x00000000052c1914 method=java.util.TimSort.reverseRange([Ljava/lang/Object;II)V @ 20
Event: 4070.684 Thread 0x000000001b1ec000 Uncommon trap: reason=unstable_if action=reinterpret pc=0x0000000004cc674c method=com.android.apksig.internal.jar.ManifestParser.readLine()[B @ 8
Event: 4071.022 Thread 0x000000001b1ec000 Uncommon trap: reason=array_check action=maybe_recompile pc=0x00000000052c1914 method=java.util.TimSort.reverseRange([Ljava/lang/Object;II)V @ 20
Event: 4071.197 Thread 0x000000001b1e2000 Uncommon trap: reason=unstable_if action=reinterpret pc=0x00000000050e5e00 method=java.util.concurrent.ArrayBlockingQueue.enqueue(Ljava/lang/Object;)V @ 25
Event: 4071.314 Thread 0x0000000019e0f000 Uncommon trap: reason=class_check action=maybe_recompile pc=0x000000000535fae0 method=java.util.Spliterators$ArraySpliterator.tryAdvance(Ljava/util/function/Consumer;)Z @ 49
Event: 4071.616 Thread 0x0000000019e0d800 Uncommon trap: reason=unstable_if action=reinterpret pc=0x0000000003946f70 method=com.esotericsoftware.kryo.io.Input.require(I)I @ 180
Event: 4094.558 Thread 0x0000000019e0f000 Uncommon trap: reason=class_check action=maybe_recompile pc=0x0000000003580280 method=java.util.HashMap.putVal(ILjava/lang/Object;Ljava/lang/Object;ZZ)Ljava/lang/Object; @ 203
Event: 4095.344 Thread 0x0000000019e0f000 Uncommon trap: reason=class_check action=maybe_recompile pc=0x000000000535fae0 method=java.util.Spliterators$ArraySpliterator.tryAdvance(Ljava/util/function/Consumer;)Z @ 49
Event: 4095.440 Thread 0x0000000019e0f000 Uncommon trap: reason=class_check action=maybe_recompile pc=0x000000000535fae0 method=java.util.Spliterators$ArraySpliterator.tryAdvance(Ljava/util/function/Consumer;)Z @ 49
Event: 4095.731 Thread 0x0000000019e14000 Uncommon trap: reason=unstable_if action=reinterpret pc=0x00000000052219c8 method=org.gradle.internal.snapshot.VfsRelativePath.lengthOfCommonPrefix(Ljava/lang/String;Lorg/gradle/internal/snapshot/CaseSensitivity;)I @ 165

Classes redefined (0 events):
No events

Internal exceptions (10 events):
Event: 4071.418 Thread 0x0000000019e0f000 Exception <a 'sun/nio/fs/WindowsException'> (0x00000000f160f818) thrown at [C:\src\AOSP-openjdk-git\hotspot\src\share\vm\prims\jni.cpp, line 710]
Event: 4096.639 Thread 0x0000000019e15800 Exception <a 'sun/nio/fs/WindowsException'> (0x00000000f6e55608) thrown at [C:\src\AOSP-openjdk-git\hotspot\src\share\vm\prims\jni.cpp, line 710]
Event: 4096.639 Thread 0x0000000019e15800 Exception <a 'sun/nio/fs/WindowsException'> (0x00000000f6e562c8) thrown at [C:\src\AOSP-openjdk-git\hotspot\src\share\vm\prims\jni.cpp, line 710]
Event: 4096.639 Thread 0x0000000019e15800 Exception <a 'sun/nio/fs/WindowsException'> (0x00000000f6e56ff8) thrown at [C:\src\AOSP-openjdk-git\hotspot\src\share\vm\prims\jni.cpp, line 710]
Event: 4096.640 Thread 0x0000000019e15800 Exception <a 'sun/nio/fs/WindowsException'> (0x00000000f6e5aca0) thrown at [C:\src\AOSP-openjdk-git\hotspot\src\share\vm\prims\jni.cpp, line 710]
Event: 4096.640 Thread 0x0000000019e15800 Exception <a 'sun/nio/fs/WindowsException'> (0x00000000f6e5b9a8) thrown at [C:\src\AOSP-openjdk-git\hotspot\src\share\vm\prims\jni.cpp, line 710]
Event: 4096.640 Thread 0x0000000019e15800 Exception <a 'sun/nio/fs/WindowsException'> (0x00000000f6e5c720) thrown at [C:\src\AOSP-openjdk-git\hotspot\src\share\vm\prims\jni.cpp, line 710]
Event: 4096.640 Thread 0x0000000019e15800 Exception <a 'sun/nio/fs/WindowsException'> (0x00000000f6e5e5b0) thrown at [C:\src\AOSP-openjdk-git\hotspot\src\share\vm\prims\jni.cpp, line 710]
Event: 4096.640 Thread 0x0000000019e15800 Exception <a 'sun/nio/fs/WindowsException'> (0x00000000f6e5f2c8) thrown at [C:\src\AOSP-openjdk-git\hotspot\src\share\vm\prims\jni.cpp, line 710]
Event: 4096.641 Thread 0x0000000019e15800 Exception <a 'sun/nio/fs/WindowsException'> (0x00000000f6e60050) thrown at [C:\src\AOSP-openjdk-git\hotspot\src\share\vm\prims\jni.cpp, line 710]

Events (10 events):
Event: 4096.082 Thread 0x0000000016dec000 flushing nmethod 0x000000000477e210
Event: 4096.107 Thread 0x0000000016dec000 flushing nmethod 0x000000000516d810
Event: 4096.256 Thread 0x0000000019e0f000 DEOPT PACKING pc=0x0000000003df52af sp=0x000000001c5e8f80
Event: 4096.257 Thread 0x0000000019e0f000 DEOPT UNPACKING pc=0x00000000032671d0 sp=0x000000001c5e8cf0 mode 0
Event: 4096.416 loading class org/gradle/internal/operations/BuildOperationDescriptor$1
Event: 4096.416 loading class org/gradle/internal/operations/BuildOperationDescriptor$1 done
Event: 4096.544 Executing VM operation: RevokeBias
Event: 4096.545 Executing VM operation: RevokeBias done
Event: 4096.630 Executing VM operation: RevokeBias
Event: 4096.630 Executing VM operation: RevokeBias done


Dynamic libraries:
0x00007ff708550000 - 0x00007ff708581000 	C:\Program Files\Android\Android Studio\jre\bin\java.exe
0x00007ffbcd260000 - 0x00007ffbcd450000 	C:\WINDOWS\SYSTEM32\ntdll.dll
0x00007ffbcd150000 - 0x00007ffbcd202000 	C:\WINDOWS\System32\KERNEL32.DLL
0x00007ffbca350000 - 0x00007ffbca5f4000 	C:\WINDOWS\System32\KERNELBASE.dll
0x00007ffbcb5f0000 - 0x00007ffbcb693000 	C:\WINDOWS\System32\ADVAPI32.dll
0x00007ffbcb700000 - 0x00007ffbcb79e000 	C:\WINDOWS\System32\msvcrt.dll
0x00007ffbcb4f0000 - 0x00007ffbcb587000 	C:\WINDOWS\System32\sechost.dll
0x00007ffbcb870000 - 0x00007ffbcb990000 	C:\WINDOWS\System32\RPCRT4.dll
0x00007ffbcc840000 - 0x00007ffbcc9d4000 	C:\WINDOWS\System32\USER32.dll
0x00007ffbca950000 - 0x00007ffbca971000 	C:\WINDOWS\System32\win32u.dll
0x00007ffbcc810000 - 0x00007ffbcc836000 	C:\WINDOWS\System32\GDI32.dll
0x00007ffbca6a0000 - 0x00007ffbca836000 	C:\WINDOWS\System32\gdi32full.dll
0x00007ffbca600000 - 0x00007ffbca69e000 	C:\WINDOWS\System32\msvcp_win.dll
0x00007ffbcaa80000 - 0x00007ffbcab7a000 	C:\WINDOWS\System32\ucrtbase.dll
0x00007ffbc1140000 - 0x00007ffbc13c4000 	C:\WINDOWS\WinSxS\amd64_microsoft.windows.common-controls_6595b64144ccf1df_6.0.18362.959_none_e6c7bbbf130c62bb\COMCTL32.dll
0x00007ffbcc300000 - 0x00007ffbcc635000 	C:\WINDOWS\System32\combase.dll
0x00007ffbca840000 - 0x00007ffbca8c0000 	C:\WINDOWS\System32\bcryptPrimitives.dll
0x00007ffbcc7e0000 - 0x00007ffbcc80e000 	C:\WINDOWS\System32\IMM32.DLL
0x0000000071230000 - 0x0000000071302000 	C:\Program Files\Android\Android Studio\jre\jre\bin\msvcr100.dll
0x0000000071a90000 - 0x00000000722db000 	C:\Program Files\Android\Android Studio\jre\jre\bin\server\jvm.dll
0x00007ffbcba60000 - 0x00007ffbcba68000 	C:\WINDOWS\System32\PSAPI.DLL
0x00007ffbc6f00000 - 0x00007ffbc6f09000 	C:\WINDOWS\SYSTEM32\WSOCK32.dll
0x00007ffbc7320000 - 0x00007ffbc7344000 	C:\WINDOWS\SYSTEM32\WINMM.dll
0x00007ffbcd0e0000 - 0x00007ffbcd14f000 	C:\WINDOWS\System32\WS2_32.dll
0x00007ffbc50c0000 - 0x00007ffbc50ca000 	C:\WINDOWS\SYSTEM32\VERSION.dll
0x00007ffbc6e20000 - 0x00007ffbc6e4d000 	C:\WINDOWS\SYSTEM32\WINMMBASE.dll
0x00007ffbca980000 - 0x00007ffbca9ca000 	C:\WINDOWS\System32\cfgmgr32.dll
0x00007ffbc6e90000 - 0x00007ffbc6e9f000 	C:\Program Files\Android\Android Studio\jre\jre\bin\verify.dll
0x00007ffbc3d00000 - 0x00007ffbc3d29000 	C:\Program Files\Android\Android Studio\jre\jre\bin\java.dll
0x00007ffbc40f0000 - 0x00007ffbc4106000 	C:\Program Files\Android\Android Studio\jre\jre\bin\zip.dll
0x00007ffbcc9f0000 - 0x00007ffbcd0d6000 	C:\WINDOWS\System32\SHELL32.dll
0x00007ffbcb9b0000 - 0x00007ffbcba59000 	C:\WINDOWS\System32\shcore.dll
0x00007ffbcab80000 - 0x00007ffbcb302000 	C:\WINDOWS\System32\windows.storage.dll
0x00007ffbca170000 - 0x00007ffbca193000 	C:\WINDOWS\System32\profapi.dll
0x00007ffbca120000 - 0x00007ffbca16a000 	C:\WINDOWS\System32\powrprof.dll
0x00007ffbca110000 - 0x00007ffbca120000 	C:\WINDOWS\System32\UMPDC.dll
0x00007ffbcb590000 - 0x00007ffbcb5e2000 	C:\WINDOWS\System32\shlwapi.dll
0x00007ffbca1c0000 - 0x00007ffbca1d1000 	C:\WINDOWS\System32\kernel.appcore.dll
0x00007ffbca1e0000 - 0x00007ffbca1f7000 	C:\WINDOWS\System32\cryptsp.dll
0x00007ffbc3b90000 - 0x00007ffbc3baa000 	C:\Program Files\Android\Android Studio\jre\jre\bin\net.dll
0x00007ffbc9920000 - 0x00007ffbc9987000 	C:\WINDOWS\system32\mswsock.dll
0x00007ffbc3b70000 - 0x00007ffbc3b83000 	C:\Program Files\Android\Android Studio\jre\jre\bin\nio.dll
0x00007ffbab7a0000 - 0x00007ffbab7c6000 	C:\Users\aresuki sumitoki\.gradle\native\31\windows-amd64\native-platform.dll
0x00007ffbc6e80000 - 0x00007ffbc6e8d000 	C:\Program Files\Android\Android Studio\jre\jre\bin\management.dll
0x00007ffbc9490000 - 0x00007ffbc94c3000 	C:\WINDOWS\system32\rsaenh.dll
0x00007ffbca8c0000 - 0x00007ffbca8e6000 	C:\WINDOWS\System32\bcrypt.dll
0x00007ffbca030000 - 0x00007ffbca055000 	C:\WINDOWS\SYSTEM32\USERENV.dll
0x00007ffbc9af0000 - 0x00007ffbc9afc000 	C:\WINDOWS\SYSTEM32\CRYPTBASE.dll
0x00007ffbc9630000 - 0x00007ffbc966a000 	C:\WINDOWS\SYSTEM32\IPHLPAPI.DLL
0x00007ffbcc9e0000 - 0x00007ffbcc9e8000 	C:\WINDOWS\System32\NSI.dll
0x00007ffbc2710000 - 0x00007ffbc2726000 	C:\WINDOWS\SYSTEM32\dhcpcsvc6.DLL
0x00007ffbc26f0000 - 0x00007ffbc270c000 	C:\WINDOWS\SYSTEM32\dhcpcsvc.DLL
0x00007ffbc96c0000 - 0x00007ffbc978b000 	C:\WINDOWS\SYSTEM32\DNSAPI.dll

VM Arguments:
jvm_args: -Xmx1536m -Dfile.encoding=windows-1252 -Duser.country=CO -Duser.language=es -Duser.variant 
java_command: org.gradle.launcher.daemon.bootstrap.GradleDaemon 6.1.1
java_class_path (initial): C:\Users\aresuki sumitoki\.gradle\wrapper\dists\gradle-6.1.1-all\cfmwm155h49vnt3hynmlrsdst\gradle-6.1.1\lib\gradle-launcher-6.1.1.jar
Launcher Type: SUN_STANDARD

Environment Variables:
PATH=C:\Program Files (x86)\Common Files\Oracle\Java\javapath;C:\Windows\system32;C:\Windows;C:\Windows\System32\Wbem;C:\Windows\System32\WindowsPowerShell\v1.0\;C:\Program Files\NVIDIA Corporation\NVIDIA NvDLISR;C:\WINDOWS\system32;C:\WINDOWS;C:\WINDOWS\System32\Wbem;C:\WINDOWS\System32\WindowsPowerShell\v1.0\;C:\WINDOWS\System32\OpenSSH\;C:\Program Files (x86)\NVIDIA Corporation\PhysX\Common;C:\Users\aresuki sumitoki\AppData\Local\Programs\Python\Python38-32\Scripts\;C:\Users\aresuki sumitoki\AppData\Local\Programs\Python\Python38-32\;C:\Users\aresuki sumitoki\AppData\Local\Microsoft\WindowsApps;C:\Users\aresuki sumitoki\AppData\Local\GitHubDesktop\bin
USERNAME=aresuki sumitoki
OS=Windows_NT
PROCESSOR_IDENTIFIER=AMD64 Family 21 Model 2 Stepping 0, AuthenticAMD



---------------  S Y S T E M  ---------------

OS: Windows 10.0 , 64 bit Build 18362 (10.0.18362.959)

CPU:total 6 (initial active 6) (6 cores per cpu, 1 threads per core) family 21 model 2 stepping 0, cmov, cx8, fxsr, mmx, sse, sse2, sse3, ssse3, sse4.1, sse4.2, popcnt, avx, aes, clmul, mmxext, 3dnowpref, lzcnt, sse4a, tsc, tscinvbit, tscinv, bmi1

Memory: 4k page, physical 8371444k(685344k free), swap 12297460k(3932k free)

vm_info: OpenJDK 64-Bit Server VM (25.242-b01) for windows-amd64 JRE (1.8.0_242-release-1644-b01), built by "builder" with MS VC++ 10.0 (VS2010)

time: Sat Jul 18 14:18:04 2020
timezone: Hora est. Pacífico, Sudamérica
elapsed time: 4097 seconds (0d 1h 8m 17s)

